<?xml version="1.0" encoding="UTF-8"?>
<!-- Generated by org.testng.reporters.JUnitReportReporter -->
<testsuite ignored="4" hostname="DESKTOP-KRR44LQ" failures="0" tests="2" name="testcases.CreateLead" time="15.052" errors="0" timestamp="05 Sep 2023 11:36:42 GMT" skipped="0">
  <testcase classname="testcases.CreateLead" name="createLead2" time="5.449"/>
  <testcase classname="testcases.CreateLead" name="createLead" time="9.603"/>
  <testcase classname="testcases.BaseTest" name="tearDown">
    <skipped/>
  </testcase> <!-- tearDown -->
  <testcase classname="testcases.BaseTest" name="tearDown">
    <skipped/>
  </testcase> <!-- tearDown -->
  <testcase classname="testcases.BaseTest" name="setUp">
    <skipped/>
  </testcase> <!-- setUp -->
  <testcase classname="testcases.BaseTest" name="setUp">
    <skipped/>
  </testcase> <!-- setUp -->
</testsuite> <!-- testcases.CreateLead -->
