<?xml version="1.0" encoding="UTF-8"?>
<!-- Generated by org.testng.reporters.JUnitReportReporter -->
<testsuite ignored="0" hostname="DESKTOP-2PIKAKN" failures="0" tests="1" name="testcases.CreateLead" time="24.681" errors="0" timestamp="24 Jun 2023 19:16:58 GMT" skipped="0">
  <testcase classname="testcases.CreateLead" name="createLead" time="24.681"/>
</testsuite> <!-- testcases.CreateLead -->
