<?xml version="1.0" encoding="UTF-8"?>
<!-- Generated by org.testng.reporters.JUnitReportReporter -->
<testsuite ignored="4" hostname="DESKTOP-KRR44LQ" failures="0" tests="1" name="testcases.DeleteLead" time="3.631" errors="0" timestamp="05 Sep 2023 11:36:42 GMT" skipped="0">
  <testcase classname="testcases.DeleteLead" name="DeleteLead" time="3.631"/>
  <testcase classname="testcases.BaseTest" name="tearDown">
    <skipped/>
  </testcase> <!-- tearDown -->
  <testcase classname="testcases.BaseTest" name="tearDown">
    <skipped/>
  </testcase> <!-- tearDown -->
  <testcase classname="testcases.BaseTest" name="setUp">
    <skipped/>
  </testcase> <!-- setUp -->
  <testcase classname="testcases.BaseTest" name="setUp">
    <skipped/>
  </testcase> <!-- setUp -->
</testsuite> <!-- testcases.DeleteLead -->
