<?xml version="1.0" encoding="UTF-8"?>
<!-- Generated by org.testng.reporters.JUnitReportReporter -->
<testsuite name="testcases.CreateLead" tests="1" time="19.675" ignored="0" failures="0" timestamp="24 May 2023 12:56:24 GMT" skipped="0" hostname="DESKTOP-2PIKAKN" errors="0">
  <testcase name="createLead" time="19.675" classname="testcases.CreateLead"/>
</testsuite> <!-- testcases.CreateLead -->
