<?xml version="1.0" encoding="UTF-8"?>
<!-- Generated by org.testng.reporters.JUnitReportReporter -->
<testsuite name="testcases.CreateLead" tests="1" time="15.685" ignored="0" failures="0" timestamp="23 May 2023 05:28:56 GMT" skipped="0" hostname="DESKTOP-2PIKAKN" errors="0">
  <testcase name="createLead" time="15.685" classname="testcases.CreateLead"/>
</testsuite> <!-- testcases.CreateLead -->
