<?xml version="1.0" encoding="UTF-8"?>
<!-- Generated by org.testng.reporters.JUnitReportReporter -->
<testsuite name="testcases.CreateLead" tests="2" time="184.003" ignored="0" failures="0" timestamp="22 May 2023 14:16:25 GMT" skipped="0" hostname="DESKTOP-2PIKAKN" errors="0">
  <testcase name="createLead" time="20.952" classname="testcases.CreateLead"/>
  <testcase name="createLead" time="163.051" classname="testcases.CreateLead"/>
</testsuite> <!-- testcases.CreateLead -->
