<?xml version="1.0" encoding="UTF-8"?>
<!-- Generated by org.testng.reporters.JUnitReportReporter -->
<testsuite ignored="0" hostname="DESKTOP-JTRCS5G" failures="0" tests="1" name="testcases.CreateLead" time="15.237" errors="0" timestamp="22 May 2023 12:39:49 GMT" skipped="0">
  <testcase classname="testcases.CreateLead" name="createLead" time="15.237"/>
</testsuite> <!-- testcases.CreateLead -->
